# JRE version: Java(TM) SE Runtime Environment (8.0_191-b12) (build 1.8.0_191-b12)
# Java VM: Java HotSpot(TM) 64-Bit Server VM (25.191-b12 mixed mode windows-amd64 compressed oops)
Heap:
 PSYoungGen      total 372736K, used 349466K [0x000000076cb00000, 0x000000078af80000, 0x00000007c0000000)
  eden space 351232K, 98% used [0x000000076cb00000,0x0000000781d9c500,0x0000000782200000)
  from space 21504K, 12% used [0x0000000782200000,0x00000007824aa348,0x0000000783700000)
  to   space 21504K, 0% used [0x0000000789a80000,0x0000000789a80000,0x000000078af80000)
 ParOldGen       total 186368K, used 42708K [0x00000006c6000000, 0x00000006d1600000, 0x000000076cb00000)
  object space 186368K, 22% used [0x00000006c6000000,0x00000006c89b53c0,0x00000006d1600000)
 Metaspace       used 69311K, capacity 73524K, committed 73856K, reserved 1112064K
  class space    used 9521K, capacity 10274K, committed 10368K, reserved 1048576K
GC Heap History (10 events):
Event: 5.049 GC heap before
{Heap before GC invocations=10 (full 2):
 PSYoungGen      total 162816K, used 150016K [0x000000076cb00000, 0x000000077e980000, 0x00000007c0000000)
  eden space 150016K, 100% used [0x000000076cb00000,0x0000000775d80000,0x0000000775d80000)
  from space 12800K, 0% used [0x0000000775d80000,0x0000000775d80000,0x0000000776a00000)
  to   space 12288K, 0% used [0x000000077dd80000,0x000000077dd80000,0x000000077e980000)
 ParOldGen       total 131072K, used 11764K [0x00000006c6000000, 0x00000006ce000000, 0x000000076cb00000)
  object space 131072K, 8% used [0x00000006c6000000,0x00000006c6b7d1b0,0x00000006ce000000)
 Metaspace       used 37991K, capacity 40730K, committed 40960K, reserved 1085440K
  class space    used 5099K, capacity 5581K, committed 5632K, reserved 1048576K
Event: 5.055 GC heap after
Heap after GC invocations=10 (full 2):
 PSYoungGen      total 264192K, used 7301K [0x000000076cb00000, 0x000000077e500000, 0x00000007c0000000)
  eden space 256512K, 0% used [0x000000076cb00000,0x000000076cb00000,0x000000077c580000)
  from space 7680K, 95% used [0x000000077dd80000,0x000000077e4a1488,0x000000077e500000)
  to   space 12288K, 0% used [0x000000077cd00000,0x000000077cd00000,0x000000077d900000)
 ParOldGen       total 131072K, used 11772K [0x00000006c6000000, 0x00000006ce000000, 0x000000076cb00000)
  object space 131072K, 8% used [0x00000006c6000000,0x00000006c6b7f1b0,0x00000006ce000000)
 Metaspace       used 37991K, capacity 40730K, committed 40960K, reserved 1085440K
  class space    used 5099K, capacity 5581K, committed 5632K, reserved 1048576K
}
Event: 7.304 GC heap before
{Heap before GC invocations=11 (full 2):
 PSYoungGen      total 264192K, used 226100K [0x000000076cb00000, 0x000000077e500000, 0x00000007c0000000)
  eden space 256512K, 85% used [0x000000076cb00000,0x000000077a0abb78,0x000000077c580000)
  from space 7680K, 95% used [0x000000077dd80000,0x000000077e4a1488,0x000000077e500000)
  to   space 12288K, 0% used [0x000000077cd00000,0x000000077cd00000,0x000000077d900000)
 ParOldGen       total 131072K, used 11772K [0x00000006c6000000, 0x00000006ce000000, 0x000000076cb00000)
  object space 131072K, 8% used [0x00000006c6000000,0x00000006c6b7f1b0,0x00000006ce000000)
 Metaspace       used 55997K, capacity 59056K, committed 59160K, reserved 1099776K
  class space    used 7759K, capacity 8306K, committed 8320K, reserved 1048576K
Event: 7.324 GC heap after
Heap after GC invocations=11 (full 2):
 PSYoungGen      total 276480K, used 12284K [0x000000076cb00000, 0x0000000784c00000, 0x00000007c0000000)
  eden space 264192K, 0% used [0x000000076cb00000,0x000000076cb00000,0x000000077cd00000)
  from space 12288K, 99% used [0x000000077cd00000,0x000000077d8ff020,0x000000077d900000)
  to   space 17920K, 0% used [0x0000000783a80000,0x0000000783a80000,0x0000000784c00000)
 ParOldGen       total 131072K, used 22589K [0x00000006c6000000, 0x00000006ce000000, 0x000000076cb00000)
  object space 131072K, 17% used [0x00000006c6000000,0x00000006c760f680,0x00000006ce000000)
 Metaspace       used 55997K, capacity 59056K, committed 59160K, reserved 1099776K
  class space    used 7759K, capacity 8306K, committed 8320K, reserved 1048576K
}
Event: 7.324 GC heap before
{Heap before GC invocations=12 (full 3):
 PSYoungGen      total 276480K, used 12284K [0x000000076cb00000, 0x0000000784c00000, 0x00000007c0000000)
  eden space 264192K, 0% used [0x000000076cb00000,0x000000076cb00000,0x000000077cd00000)
  from space 12288K, 99% used [0x000000077cd00000,0x000000077d8ff020,0x000000077d900000)
  to   space 17920K, 0% used [0x0000000783a80000,0x0000000783a80000,0x0000000784c00000)
 ParOldGen       total 131072K, used 22589K [0x00000006c6000000, 0x00000006ce000000, 0x000000076cb00000)
  object space 131072K, 17% used [0x00000006c6000000,0x00000006c760f680,0x00000006ce000000)
 Metaspace       used 55997K, capacity 59056K, committed 59160K, reserved 1099776K
  class space    used 7759K, capacity 8306K, committed 8320K, reserved 1048576K
Event: 7.461 GC heap after
Heap after GC invocations=12 (full 3):
 PSYoungGen      total 276480K, used 0K [0x000000076cb00000, 0x0000000784c00000, 0x00000007c0000000)
  eden space 264192K, 0% used [0x000000076cb00000,0x000000076cb00000,0x000000077cd00000)
  from space 12288K, 0% used [0x000000077cd00000,0x000000077cd00000,0x000000077d900000)
  to   space 17920K, 0% used [0x0000000783a80000,0x0000000783a80000,0x0000000784c00000)
 ParOldGen       total 186368K, used 33080K [0x00000006c6000000, 0x00000006d1600000, 0x000000076cb00000)
  object space 186368K, 17% used [0x00000006c6000000,0x00000006c804e2a0,0x00000006d1600000)
 Metaspace       used 55997K, capacity 59056K, committed 59160K, reserved 1099776K
  class space    used 7759K, capacity 8306K, committed 8320K, reserved 1048576K
}
Event: 8.913 GC heap before
{Heap before GC invocations=13 (full 3):
 PSYoungGen      total 276480K, used 264192K [0x000000076cb00000, 0x0000000784c00000, 0x00000007c0000000)
  eden space 264192K, 100% used [0x000000076cb00000,0x000000077cd00000,0x000000077cd00000)
  from space 12288K, 0% used [0x000000077cd00000,0x000000077cd00000,0x000000077d900000)
  to   space 17920K, 0% used [0x0000000783a80000,0x0000000783a80000,0x0000000784c00000)
 ParOldGen       total 186368K, used 33080K [0x00000006c6000000, 0x00000006d1600000, 0x000000076cb00000)
  object space 186368K, 17% used [0x00000006c6000000,0x00000006c804e2a0,0x00000006d1600000)
 Metaspace       used 62431K, capacity 66276K, committed 66432K, reserved 1105920K
  class space    used 8642K, capacity 9294K, committed 9344K, reserved 1048576K
Event: 8.929 GC heap after
Heap after GC invocations=13 (full 3):
 PSYoungGen      total 367616K, used 17905K [0x000000076cb00000, 0x0000000784c00000, 0x00000007c0000000)
  eden space 349696K, 0% used [0x000000076cb00000,0x000000076cb00000,0x0000000782080000)
  from space 17920K, 99% used [0x0000000783a80000,0x0000000784bfc618,0x0000000784c00000)
  to   space 21504K, 0% used [0x0000000782200000,0x0000000782200000,0x0000000783700000)
 ParOldGen       total 186368K, used 36364K [0x00000006c6000000, 0x00000006d1600000, 0x000000076cb00000)
  object space 186368K, 19% used [0x00000006c6000000,0x00000006c8383370,0x00000006d1600000)
 Metaspace       used 62431K, capacity 66276K, committed 66432K, reserved 1105920K
  class space    used 8642K, capacity 9294K, committed 9344K, reserved 1048576K
}
Event: 9.976 GC heap before
{Heap before GC invocations=14 (full 3):
 PSYoungGen      total 367616K, used 367601K [0x000000076cb00000, 0x0000000784c00000, 0x00000007c0000000)
  eden space 349696K, 100% used [0x000000076cb00000,0x0000000782080000,0x0000000782080000)
  from space 17920K, 99% used [0x0000000783a80000,0x0000000784bfc618,0x0000000784c00000)
  to   space 21504K, 0% used [0x0000000782200000,0x0000000782200000,0x0000000783700000)
 ParOldGen       total 186368K, used 36364K [0x00000006c6000000, 0x00000006d1600000, 0x000000076cb00000)
  object space 186368K, 19% used [0x00000006c6000000,0x00000006c8383370,0x00000006d1600000)
 Metaspace       used 63857K, capacity 67726K, committed 67840K, reserved 1107968K
  class space    used 8798K, capacity 9469K, committed 9472K, reserved 1048576K
Event: 9.985 GC heap after
Heap after GC invocations=14 (full 3):
 PSYoungGen      total 372736K, used 2728K [0x000000076cb00000, 0x000000078af80000, 0x00000007c0000000)
  eden space 351232K, 0% used [0x000000076cb00000,0x000000076cb00000,0x0000000782200000)
  from space 21504K, 12% used [0x0000000782200000,0x00000007824aa348,0x0000000783700000)
  to   space 21504K, 0% used [0x0000000789a80000,0x0000000789a80000,0x000000078af80000)
 ParOldGen       total 186368K, used 42708K [0x00000006c6000000, 0x00000006d1600000, 0x000000076cb00000)
  object space 186368K, 22% used [0x00000006c6000000,0x00000006c89b53c0,0x00000006d1600000)
 Metaspace       used 63857K, capacity 67726K, committed 67840K, reserved 1107968K
  class space    used 8798K, capacity 9469K, committed 9472K, reserved 1048576K
}

