# JRE version: Java(TM) SE Runtime Environment (8.0_191-b12) (build 1.8.0_191-b12)
# Java VM: Java HotSpot(TM) 64-Bit Server VM (25.191-b12 mixed mode windows-amd64 compressed oops)
Heap:
 PSYoungGen      total 769024K, used 259646K [0x000000076cb00000, 0x00000007a6980000, 0x00000007c0000000)
  eden space 722432K, 29% used [0x000000076cb00000,0x0000000779b11010,0x0000000798c80000)
  from space 46592K, 99% used [0x000000079c980000,0x000000079f6fea70,0x000000079f700000)
  to   space 62464K, 0% used [0x0000000798c80000,0x0000000798c80000,0x000000079c980000)
 ParOldGen       total 218624K, used 99257K [0x00000006c6000000, 0x00000006d3580000, 0x000000076cb00000)
  object space 218624K, 45% used [0x00000006c6000000,0x00000006cc0ee4c8,0x00000006d3580000)
 Metaspace       used 89868K, capacity 95910K, committed 96256K, reserved 1132544K
  class space    used 12190K, capacity 13204K, committed 13312K, reserved 1048576K
GC Heap History (10 events):
Event: 35.360 GC heap before
{Heap before GC invocations=23 (full 3):
 PSYoungGen      total 636416K, used 626571K [0x000000076cb00000, 0x000000079bc80000, 0x00000007c0000000)
  eden space 589824K, 100% used [0x000000076cb00000,0x0000000790b00000,0x0000000790b00000)
  from space 46592K, 78% used [0x0000000790b00000,0x0000000792ee2d40,0x0000000793880000)
  to   space 50176K, 0% used [0x0000000798b80000,0x0000000798b80000,0x000000079bc80000)
 ParOldGen       total 218624K, used 87177K [0x00000006c6000000, 0x00000006d3580000, 0x000000076cb00000)
  object space 218624K, 39% used [0x00000006c6000000,0x00000006cb5227a8,0x00000006d3580000)
 Metaspace       used 88791K, capacity 94660K, committed 94848K, reserved 1130496K
  class space    used 12139K, capacity 13115K, committed 13184K, reserved 1048576K
Event: 35.373 GC heap after
Heap after GC invocations=23 (full 3):
 PSYoungGen      total 696832K, used 16001K [0x000000076cb00000, 0x000000079ae80000, 0x00000007c0000000)
  eden space 660992K, 0% used [0x000000076cb00000,0x000000076cb00000,0x0000000795080000)
  from space 35840K, 44% used [0x0000000798b80000,0x0000000799b20468,0x000000079ae80000)
  to   space 48128K, 0% used [0x0000000795080000,0x0000000795080000,0x0000000797f80000)
 ParOldGen       total 218624K, used 87185K [0x00000006c6000000, 0x00000006d3580000, 0x000000076cb00000)
  object space 218624K, 39% used [0x00000006c6000000,0x00000006cb5247a8,0x00000006d3580000)
 Metaspace       used 88791K, capacity 94660K, committed 94848K, reserved 1130496K
  class space    used 12139K, capacity 13115K, committed 13184K, reserved 1048576K
}
Event: 36.671 GC heap before
{Heap before GC invocations=24 (full 3):
 PSYoungGen      total 696832K, used 676993K [0x000000076cb00000, 0x000000079ae80000, 0x00000007c0000000)
  eden space 660992K, 100% used [0x000000076cb00000,0x0000000795080000,0x0000000795080000)
  from space 35840K, 44% used [0x0000000798b80000,0x0000000799b20468,0x000000079ae80000)
  to   space 48128K, 0% used [0x0000000795080000,0x0000000795080000,0x0000000797f80000)
 ParOldGen       total 218624K, used 87185K [0x00000006c6000000, 0x00000006d3580000, 0x000000076cb00000)
  object space 218624K, 39% used [0x00000006c6000000,0x00000006cb5247a8,0x00000006d3580000)
 Metaspace       used 88963K, capacity 94820K, committed 95104K, reserved 1130496K
  class space    used 12144K, capacity 13117K, committed 13184K, reserved 1048576K
Event: 36.682 GC heap after
Heap after GC invocations=24 (full 3):
 PSYoungGen      total 709120K, used 23328K [0x000000076cb00000, 0x000000079f700000, 0x00000007c0000000)
  eden space 660992K, 0% used [0x000000076cb00000,0x000000076cb00000,0x0000000795080000)
  from space 48128K, 48% used [0x0000000795080000,0x0000000796748118,0x0000000797f80000)
  to   space 46592K, 0% used [0x000000079c980000,0x000000079c980000,0x000000079f700000)
 ParOldGen       total 218624K, used 87193K [0x00000006c6000000, 0x00000006d3580000, 0x000000076cb00000)
  object space 218624K, 39% used [0x00000006c6000000,0x00000006cb5267a8,0x00000006d3580000)
 Metaspace       used 88963K, capacity 94820K, committed 95104K, reserved 1130496K
  class space    used 12144K, capacity 13117K, committed 13184K, reserved 1048576K
}
Event: 41.025 GC heap before
{Heap before GC invocations=25 (full 3):
 PSYoungGen      total 709120K, used 684320K [0x000000076cb00000, 0x000000079f700000, 0x00000007c0000000)
  eden space 660992K, 100% used [0x000000076cb00000,0x0000000795080000,0x0000000795080000)
  from space 48128K, 48% used [0x0000000795080000,0x0000000796748118,0x0000000797f80000)
  to   space 46592K, 0% used [0x000000079c980000,0x000000079c980000,0x000000079f700000)
 ParOldGen       total 218624K, used 87193K [0x00000006c6000000, 0x00000006d3580000, 0x000000076cb00000)
  object space 218624K, 39% used [0x00000006c6000000,0x00000006cb5267a8,0x00000006d3580000)
 Metaspace       used 89314K, capacity 95236K, committed 95360K, reserved 1132544K
  class space    used 12165K, capacity 13143K, committed 13184K, reserved 1048576K
Event: 41.053 GC heap after
Heap after GC invocations=25 (full 3):
 PSYoungGen      total 776704K, used 46582K [0x000000076cb00000, 0x00000007a0200000, 0x00000007c0000000)
  eden space 730112K, 0% used [0x000000076cb00000,0x000000076cb00000,0x0000000799400000)
  from space 46592K, 99% used [0x000000079c980000,0x000000079f6fd9c8,0x000000079f700000)
  to   space 54784K, 0% used [0x0000000799400000,0x0000000799400000,0x000000079c980000)
 ParOldGen       total 218624K, used 90891K [0x00000006c6000000, 0x00000006d3580000, 0x000000076cb00000)
  object space 218624K, 41% used [0x00000006c6000000,0x00000006cb8c2c10,0x00000006d3580000)
 Metaspace       used 89314K, capacity 95236K, committed 95360K, reserved 1132544K
  class space    used 12165K, capacity 13143K, committed 13184K, reserved 1048576K
}
Event: 45.263 GC heap before
{Heap before GC invocations=26 (full 3):
 PSYoungGen      total 776704K, used 776694K [0x000000076cb00000, 0x00000007a0200000, 0x00000007c0000000)
  eden space 730112K, 100% used [0x000000076cb00000,0x0000000799400000,0x0000000799400000)
  from space 46592K, 99% used [0x000000079c980000,0x000000079f6fd9c8,0x000000079f700000)
  to   space 54784K, 0% used [0x0000000799400000,0x0000000799400000,0x000000079c980000)
 ParOldGen       total 218624K, used 90891K [0x00000006c6000000, 0x00000006d3580000, 0x000000076cb00000)
  object space 218624K, 41% used [0x00000006c6000000,0x00000006cb8c2c10,0x00000006d3580000)
 Metaspace       used 89516K, capacity 95542K, committed 95744K, reserved 1132544K
  class space    used 12171K, capacity 13186K, committed 13312K, reserved 1048576K
Event: 45.290 GC heap after
Heap after GC invocations=26 (full 3):
 PSYoungGen      total 784896K, used 39652K [0x000000076cb00000, 0x00000007a0200000, 0x00000007c0000000)
  eden space 730112K, 0% used [0x000000076cb00000,0x000000076cb00000,0x0000000799400000)
  from space 54784K, 72% used [0x0000000799400000,0x000000079bab9248,0x000000079c980000)
  to   space 46592K, 0% used [0x000000079c980000,0x000000079c980000,0x000000079f700000)
 ParOldGen       total 218624K, used 98584K [0x00000006c6000000, 0x00000006d3580000, 0x000000076cb00000)
  object space 218624K, 45% used [0x00000006c6000000,0x00000006cc0461b8,0x00000006d3580000)
 Metaspace       used 89516K, capacity 95542K, committed 95744K, reserved 1132544K
  class space    used 12171K, capacity 13186K, committed 13312K, reserved 1048576K
}
Event: 46.475 GC heap before
{Heap before GC invocations=27 (full 3):
 PSYoungGen      total 784896K, used 769764K [0x000000076cb00000, 0x00000007a0200000, 0x00000007c0000000)
  eden space 730112K, 100% used [0x000000076cb00000,0x0000000799400000,0x0000000799400000)
  from space 54784K, 72% used [0x0000000799400000,0x000000079bab9248,0x000000079c980000)
  to   space 46592K, 0% used [0x000000079c980000,0x000000079c980000,0x000000079f700000)
 ParOldGen       total 218624K, used 98584K [0x00000006c6000000, 0x00000006d3580000, 0x000000076cb00000)
  object space 218624K, 45% used [0x00000006c6000000,0x00000006cc0461b8,0x00000006d3580000)
 Metaspace       used 89651K, capacity 95692K, committed 96000K, reserved 1132544K
  class space    used 12173K, capacity 13187K, committed 13312K, reserved 1048576K
Event: 46.501 GC heap after
Heap after GC invocations=27 (full 3):
 PSYoungGen      total 769024K, used 46586K [0x000000076cb00000, 0x00000007a6980000, 0x00000007c0000000)
  eden space 722432K, 0% used [0x000000076cb00000,0x000000076cb00000,0x0000000798c80000)
  from space 46592K, 99% used [0x000000079c980000,0x000000079f6fea70,0x000000079f700000)
  to   space 62464K, 0% used [0x0000000798c80000,0x0000000798c80000,0x000000079c980000)
 ParOldGen       total 218624K, used 99257K [0x00000006c6000000, 0x00000006d3580000, 0x000000076cb00000)
  object space 218624K, 45% used [0x00000006c6000000,0x00000006cc0ee4c8,0x00000006d3580000)
 Metaspace       used 89651K, capacity 95692K, committed 96000K, reserved 1132544K
  class space    used 12173K, capacity 13187K, committed 13312K, reserved 1048576K
}

